<?xml version="1.0" encoding="UTF-8"?>
<!-- Generated by org.testng.reporters.JUnitReportReporter -->
<testsuite hostname="LAPTOP-VUPMQSQ0" failures="0" tests="1" name="maventestng.AlertNG" time="25.304" errors="0" timestamp="2020-07-30T16:54:41 CDT" skipped="0">
  <testcase classname="maventestng.AlertNG" name="alertexample" time="25.304"/>
  <system-out/>
</testsuite> <!-- maventestng.AlertNG -->
