<?xml version="1.0" encoding="UTF-8"?>
<!-- Generated by org.testng.reporters.JUnitReportReporter -->
<testsuite hostname="LAPTOP-VUPMQSQ0" failures="0" tests="1" name="maventestng.ButtonNG" time="10.036" errors="0" timestamp="2020-07-30T16:54:41 CDT" skipped="0">
  <testcase classname="maventestng.ButtonNG" name="buttonexample" time="10.036"/>
  <system-out/>
</testsuite> <!-- maventestng.ButtonNG -->
